<?xml version="1.0" encoding="UTF-8"?>
<!-- Generated by org.testng.reporters.JUnitXMLReporter -->
<testsuite ignored="0" hostname="LAPTOP-RG2DJRNT" failures="1" tests="3" name="Test" time="44.71" errors="0" timestamp="2025-03-27T11:15:02 IST">
  <testcase classname="com.tests.RegistrationTest" name="registration" time="1.41"/>
  <testcase classname="com.tests.RegistrationTest" name="registration" time="23.166">
    <failure type="java.lang.AssertionError" message="expected [true] but found [false]">
      <![CDATA[java.lang.AssertionError: expected [true] but found [false]
at com.tests.RegistrationTest.registration(RegistrationTest.java:56)
at java.base/java.util.ArrayList.forEach(ArrayList.java:1596)
... Removed 29 stack frames]]>
    </failure>
  </testcase> <!-- registration -->
  <testcase classname="com.tests.RegistrationTest" name="registration" time="1.114"/>
</testsuite> <!-- Test -->
