<?xml version="1.0" encoding="UTF-8"?>
<!-- Generated by org.testng.reporters.JUnitXMLReporter -->
<testsuite ignored="0" hostname="LAPTOP-RG2DJRNT" failures="0" tests="4" name="Test" time="31.404" errors="0" timestamp="2025-03-27T12:28:00 IST">
  <testcase classname="com.tests.HomeTest" name="VerifyHomePage" time="5.751"/>
  <testcase classname="com.tests.RegistrationTest" name="registration" time="12.716"/>
  <testcase classname="com.tests.RegistrationTest" name="registration" time="12.557"/>
  <testcase classname="com.tests.RegistrationTest" name="registration" time="12.319"/>
</testsuite> <!-- Test -->
