<?xml version="1.0" encoding="UTF-8"?>
<testng-results ignored="0" total="4" passed="4" failed="0" skipped="0">
  <reporter-output>
  </reporter-output>
  <suite started-at="2025-03-27T12:27:29 IST" name="DemoWebShop_Practise" finished-at="2025-03-27T12:28:00 IST" duration-ms="31404">
    <groups>
    </groups>
    <test started-at="2025-03-27T12:27:29 IST" name="Test" finished-at="2025-03-27T12:28:00 IST" duration-ms="31404">
      <class name="com.tests.RegistrationTest">
        <test-method is-config="true" signature="tearUp()[pri:0, instance:com.tests.RegistrationTest@62ddbd7e]" started-at="2025-03-27T12:27:30 IST" name="tearUp" finished-at="2025-03-27T12:27:47 IST" duration-ms="16958" status="PASS">
          <reporter-output>
          </reporter-output>
        </test-method> <!-- tearUp -->
        <test-method is-config="true" signature="tearUp()[pri:0, instance:com.tests.RegistrationTest@62ddbd7e]" started-at="2025-03-27T12:27:30 IST" name="tearUp" finished-at="2025-03-27T12:27:47 IST" duration-ms="17410" status="PASS">
          <reporter-output>
          </reporter-output>
        </test-method> <!-- tearUp -->
        <test-method is-config="true" signature="tearUp()[pri:0, instance:com.tests.RegistrationTest@62ddbd7e]" started-at="2025-03-27T12:27:30 IST" name="tearUp" finished-at="2025-03-27T12:27:46 IST" duration-ms="16485" status="PASS">
          <reporter-output>
          </reporter-output>
        </test-method> <!-- tearUp -->
        <test-method is-config="true" signature="setUp()[pri:0, instance:com.tests.RegistrationTest@62ddbd7e]" started-at="2025-03-27T12:27:46 IST" name="setUp" finished-at="2025-03-27T12:27:47 IST" duration-ms="43" status="PASS">
          <reporter-output>
          </reporter-output>
        </test-method> <!-- setUp -->
        <test-method signature="registration(java.lang.String,java.lang.String,java.lang.String,java.lang.String,java.lang.String,java.lang.String)[pri:0, instance:com.tests.RegistrationTest@62ddbd7e]" started-at="2025-03-27T12:27:47 IST" name="registration" data-provider="excelTestData" finished-at="2025-03-27T12:27:59 IST" duration-ms="12716" status="PASS">
          <params>
            <param index="0">
              <value>
                <![CDATA[Male]]>
              </value>
            </param>
            <param index="1">
              <value>
                <![CDATA[EWFwrg]]>
              </value>
            </param>
            <param index="2">
              <value>
                <![CDATA[FSW]]>
              </value>
            </param>
            <param index="3">
              <value>
                <![CDATA[example@123gmail.com]]>
              </value>
            </param>
            <param index="4">
              <value>
                <![CDATA[EWFwrg]]>
              </value>
            </param>
            <param index="5">
              <value>
                <![CDATA[EWFwrg]]>
              </value>
            </param>
          </params>
          <reporter-output>
          </reporter-output>
        </test-method> <!-- registration -->
        <test-method is-config="true" signature="setUp()[pri:0, instance:com.tests.RegistrationTest@62ddbd7e]" started-at="2025-03-27T12:27:47 IST" name="setUp" finished-at="2025-03-27T12:27:47 IST" duration-ms="12" status="PASS">
          <reporter-output>
          </reporter-output>
        </test-method> <!-- setUp -->
        <test-method signature="registration(java.lang.String,java.lang.String,java.lang.String,java.lang.String,java.lang.String,java.lang.String)[pri:0, instance:com.tests.RegistrationTest@62ddbd7e]" started-at="2025-03-27T12:27:47 IST" name="registration" data-provider="excelTestData" finished-at="2025-03-27T12:28:00 IST" duration-ms="12557" status="PASS">
          <params>
            <param index="0">
              <value>
                <![CDATA[Female]]>
              </value>
            </param>
            <param index="1">
              <value>
                <![CDATA[srgwRG]]>
              </value>
            </param>
            <param index="2">
              <value>
                <![CDATA[SD]]>
              </value>
            </param>
            <param index="3">
              <value>
                <![CDATA[asfsf@74543gmail.com]]>
              </value>
            </param>
            <param index="4">
              <value>
                <![CDATA[srgwRG]]>
              </value>
            </param>
            <param index="5">
              <value>
                <![CDATA[srgwRG]]>
              </value>
            </param>
          </params>
          <reporter-output>
          </reporter-output>
        </test-method> <!-- registration -->
        <test-method is-config="true" signature="setUp()[pri:0, instance:com.tests.RegistrationTest@62ddbd7e]" started-at="2025-03-27T12:27:47 IST" name="setUp" finished-at="2025-03-27T12:27:47 IST" duration-ms="13" status="PASS">
          <reporter-output>
          </reporter-output>
        </test-method> <!-- setUp -->
        <test-method signature="registration(java.lang.String,java.lang.String,java.lang.String,java.lang.String,java.lang.String,java.lang.String)[pri:0, instance:com.tests.RegistrationTest@62ddbd7e]" started-at="2025-03-27T12:27:47 IST" name="registration" data-provider="excelTestData" finished-at="2025-03-27T12:28:00 IST" duration-ms="12319" status="PASS">
          <params>
            <param index="0">
              <value>
                <![CDATA[Male]]>
              </value>
            </param>
            <param index="1">
              <value>
                <![CDATA[rgfarsrg]]>
              </value>
            </param>
            <param index="2">
              <value>
                <![CDATA[GF]]>
              </value>
            </param>
            <param index="3">
              <value>
                <![CDATA[asfsf@7743gmail.com]]>
              </value>
            </param>
            <param index="4">
              <value>
                <![CDATA[rgfarsrg]]>
              </value>
            </param>
            <param index="5">
              <value>
                <![CDATA[rgfarsrg]]>
              </value>
            </param>
          </params>
          <reporter-output>
          </reporter-output>
        </test-method> <!-- registration -->
        <test-method is-config="true" signature="tearDown()[pri:0, instance:com.tests.RegistrationTest@62ddbd7e]" started-at="2025-03-27T12:27:59 IST" name="tearDown" finished-at="2025-03-27T12:28:00 IST" duration-ms="712" status="PASS">
          <reporter-output>
          </reporter-output>
        </test-method> <!-- tearDown -->
        <test-method is-config="true" signature="tearDown()[pri:0, instance:com.tests.RegistrationTest@62ddbd7e]" started-at="2025-03-27T12:28:00 IST" name="tearDown" finished-at="2025-03-27T12:28:00 IST" duration-ms="491" status="PASS">
          <reporter-output>
          </reporter-output>
        </test-method> <!-- tearDown -->
        <test-method is-config="true" signature="tearDown()[pri:0, instance:com.tests.RegistrationTest@62ddbd7e]" started-at="2025-03-27T12:28:00 IST" name="tearDown" finished-at="2025-03-27T12:28:00 IST" duration-ms="375" status="PASS">
          <reporter-output>
          </reporter-output>
        </test-method> <!-- tearDown -->
      </class> <!-- com.tests.RegistrationTest -->
      <class name="com.tests.HomeTest">
        <test-method is-config="true" signature="tearUp()[pri:0, instance:com.tests.HomeTest@175c2241]" started-at="2025-03-27T12:27:29 IST" name="tearUp" finished-at="2025-03-27T12:27:42 IST" duration-ms="12951" status="PASS">
          <reporter-output>
          </reporter-output>
        </test-method> <!-- tearUp -->
        <test-method signature="VerifyHomePage()[pri:0, instance:com.tests.HomeTest@175c2241]" started-at="2025-03-27T12:27:42 IST" name="VerifyHomePage" finished-at="2025-03-27T12:27:47 IST" duration-ms="5751" status="PASS">
          <reporter-output>
          </reporter-output>
        </test-method> <!-- VerifyHomePage -->
        <test-method is-config="true" signature="tearDown()[pri:0, instance:com.tests.HomeTest@175c2241]" started-at="2025-03-27T12:27:47 IST" name="tearDown" finished-at="2025-03-27T12:27:48 IST" duration-ms="679" status="PASS">
          <reporter-output>
          </reporter-output>
        </test-method> <!-- tearDown -->
      </class> <!-- com.tests.HomeTest -->
    </test> <!-- Test -->
  </suite> <!-- DemoWebShop_Practise -->
</testng-results>
